<?xml version="1.0" encoding="UTF-8"?>
<testsuite xmlns:xsi="http://www.w3.org/2001/XMLSchema-instance" xsi:noNamespaceSchemaLocation="https://maven.apache.org/surefire/maven-surefire-plugin/xsd/surefire-test-report-3.0.xsd" version="3.0" name="TestSuite" time="44.348" tests="3" errors="0" skipped="0" failures="0">
  <properties>
    <property name="java.specification.version" value="19"/>
    <property name="webdriver.chrome.driver" value="C:\Users\Sai\.cache\selenium\chromedriver\win32\111.0.5563.64\chromedriver.exe"/>
    <property name="sun.cpu.isalist" value="amd64"/>
    <property name="sun.jnu.encoding" value="Cp1252"/>
    <property name="java.class.path" value="E:\OneDrive\Desktop\DemoTest\Eclipse Workspace\DemoTestMavenProject\MyStoreV1\target\test-classes;E:\OneDrive\Desktop\DemoTest\Eclipse Workspace\DemoTestMavenProject\MyStoreV1\target\classes;C:\Users\Sai\.m2\repository\junit\junit\3.8.1\junit-3.8.1.jar;C:\Users\Sai\.m2\repository\org\testng\testng\7.6.1\testng-7.6.1.jar;C:\Users\Sai\.m2\repository\com\google\code\findbugs\jsr305\3.0.2\jsr305-3.0.2.jar;C:\Users\Sai\.m2\repository\org\slf4j\slf4j-api\1.7.36\slf4j-api-1.7.36.jar;C:\Users\Sai\.m2\repository\com\beust\jcommander\1.82\jcommander-1.82.jar;C:\Users\Sai\.m2\repository\org\webjars\jquery\3.6.0\jquery-3.6.0.jar;C:\Users\Sai\.m2\repository\io\github\bonigarcia\webdrivermanager\5.3.1\webdrivermanager-5.3.1.jar;C:\Users\Sai\.m2\repository\com\google\code\gson\gson\2.10\gson-2.10.jar;C:\Users\Sai\.m2\repository\com\github\docker-java\docker-java\3.2.13\docker-java-3.2.13.jar;C:\Users\Sai\.m2\repository\com\github\docker-java\docker-java-core\3.2.13\docker-java-core-3.2.13.jar;C:\Users\Sai\.m2\repository\com\github\docker-java\docker-java-api\3.2.13\docker-java-api-3.2.13.jar;C:\Users\Sai\.m2\repository\com\fasterxml\jackson\core\jackson-annotations\2.10.3\jackson-annotations-2.10.3.jar;C:\Users\Sai\.m2\repository\com\fasterxml\jackson\core\jackson-databind\2.10.3\jackson-databind-2.10.3.jar;C:\Users\Sai\.m2\repository\com\fasterxml\jackson\core\jackson-core\2.10.3\jackson-core-2.10.3.jar;C:\Users\Sai\.m2\repository\org\bouncycastle\bcpkix-jdk15on\1.64\bcpkix-jdk15on-1.64.jar;C:\Users\Sai\.m2\repository\org\bouncycastle\bcprov-jdk15on\1.64\bcprov-jdk15on-1.64.jar;C:\Users\Sai\.m2\repository\org\slf4j\jcl-over-slf4j\1.7.30\jcl-over-slf4j-1.7.30.jar;C:\Users\Sai\.m2\repository\com\github\docker-java\docker-java-transport-httpclient5\3.2.13\docker-java-transport-httpclient5-3.2.13.jar;C:\Users\Sai\.m2\repository\com\github\docker-java\docker-java-transport\3.2.13\docker-java-transport-3.2.13.jar;C:\Users\Sai\.m2\repository\net\java\dev\jna\jna\5.8.0\jna-5.8.0.jar;C:\Users\Sai\.m2\repository\org\brotli\dec\0.1.2\dec-0.1.2.jar;C:\Users\Sai\.m2\repository\org\apache\commons\commons-lang3\3.12.0\commons-lang3-3.12.0.jar;C:\Users\Sai\.m2\repository\org\apache\httpcomponents\client5\httpclient5\5.1.3\httpclient5-5.1.3.jar;C:\Users\Sai\.m2\repository\org\apache\httpcomponents\core5\httpcore5\5.1.3\httpcore5-5.1.3.jar;C:\Users\Sai\.m2\repository\org\apache\httpcomponents\core5\httpcore5-h2\5.1.3\httpcore5-h2-5.1.3.jar;C:\Users\Sai\.m2\repository\org\seleniumhq\selenium\selenium-java\4.6.0\selenium-java-4.6.0.jar;C:\Users\Sai\.m2\repository\org\seleniumhq\selenium\selenium-api\4.6.0\selenium-api-4.6.0.jar;C:\Users\Sai\.m2\repository\org\seleniumhq\selenium\selenium-chrome-driver\4.6.0\selenium-chrome-driver-4.6.0.jar;C:\Users\Sai\.m2\repository\com\google\auto\service\auto-service-annotations\1.0.1\auto-service-annotations-1.0.1.jar;C:\Users\Sai\.m2\repository\com\google\auto\service\auto-service\1.0.1\auto-service-1.0.1.jar;C:\Users\Sai\.m2\repository\com\google\auto\auto-common\1.2\auto-common-1.2.jar;C:\Users\Sai\.m2\repository\com\google\guava\guava\31.1-jre\guava-31.1-jre.jar;C:\Users\Sai\.m2\repository\com\google\guava\failureaccess\1.0.1\failureaccess-1.0.1.jar;C:\Users\Sai\.m2\repository\com\google\guava\listenablefuture\9999.0-empty-to-avoid-conflict-with-guava\listenablefuture-9999.0-empty-to-avoid-conflict-with-guava.jar;C:\Users\Sai\.m2\repository\org\checkerframework\checker-qual\3.12.0\checker-qual-3.12.0.jar;C:\Users\Sai\.m2\repository\com\google\errorprone\error_prone_annotations\2.11.0\error_prone_annotations-2.11.0.jar;C:\Users\Sai\.m2\repository\com\google\j2objc\j2objc-annotations\1.3\j2objc-annotations-1.3.jar;C:\Users\Sai\.m2\repository\org\seleniumhq\selenium\selenium-chromium-driver\4.6.0\selenium-chromium-driver-4.6.0.jar;C:\Users\Sai\.m2\repository\org\seleniumhq\selenium\selenium-json\4.6.0\selenium-json-4.6.0.jar;C:\Users\Sai\.m2\repository\org\seleniumhq\selenium\selenium-devtools-v105\4.6.0\selenium-devtools-v105-4.6.0.jar;C:\Users\Sai\.m2\repository\org\seleniumhq\selenium\selenium-devtools-v106\4.6.0\selenium-devtools-v106-4.6.0.jar;C:\Users\Sai\.m2\repository\org\seleniumhq\selenium\selenium-devtools-v107\4.6.0\selenium-devtools-v107-4.6.0.jar;C:\Users\Sai\.m2\repository\org\seleniumhq\selenium\selenium-devtools-v85\4.6.0\selenium-devtools-v85-4.6.0.jar;C:\Users\Sai\.m2\repository\org\seleniumhq\selenium\selenium-edge-driver\4.6.0\selenium-edge-driver-4.6.0.jar;C:\Users\Sai\.m2\repository\org\seleniumhq\selenium\selenium-firefox-driver\4.6.0\selenium-firefox-driver-4.6.0.jar;C:\Users\Sai\.m2\repository\org\seleniumhq\selenium\selenium-ie-driver\4.6.0\selenium-ie-driver-4.6.0.jar;C:\Users\Sai\.m2\repository\org\seleniumhq\selenium\selenium-remote-driver\4.6.0\selenium-remote-driver-4.6.0.jar;C:\Users\Sai\.m2\repository\io\netty\netty-buffer\4.1.84.Final\netty-buffer-4.1.84.Final.jar;C:\Users\Sai\.m2\repository\io\netty\netty-codec-http\4.1.84.Final\netty-codec-http-4.1.84.Final.jar;C:\Users\Sai\.m2\repository\io\netty\netty-codec\4.1.84.Final\netty-codec-4.1.84.Final.jar;C:\Users\Sai\.m2\repository\io\netty\netty-handler\4.1.84.Final\netty-handler-4.1.84.Final.jar;C:\Users\Sai\.m2\repository\io\netty\netty-common\4.1.84.Final\netty-common-4.1.84.Final.jar;C:\Users\Sai\.m2\repository\io\netty\netty-transport-classes-epoll\4.1.84.Final\netty-transport-classes-epoll-4.1.84.Final.jar;C:\Users\Sai\.m2\repository\io\netty\netty-transport-classes-kqueue\4.1.84.Final\netty-transport-classes-kqueue-4.1.84.Final.jar;C:\Users\Sai\.m2\repository\io\netty\netty-transport-native-epoll\4.1.84.Final\netty-transport-native-epoll-4.1.84.Final.jar;C:\Users\Sai\.m2\repository\io\netty\netty-transport-native-kqueue\4.1.84.Final\netty-transport-native-kqueue-4.1.84.Final.jar;C:\Users\Sai\.m2\repository\io\netty\netty-transport-native-unix-common\4.1.84.Final\netty-transport-native-unix-common-4.1.84.Final.jar;C:\Users\Sai\.m2\repository\io\netty\netty-transport\4.1.84.Final\netty-transport-4.1.84.Final.jar;C:\Users\Sai\.m2\repository\io\netty\netty-resolver\4.1.84.Final\netty-resolver-4.1.84.Final.jar;C:\Users\Sai\.m2\repository\io\opentelemetry\opentelemetry-api\1.19.0\opentelemetry-api-1.19.0.jar;C:\Users\Sai\.m2\repository\io\opentelemetry\opentelemetry-context\1.19.0\opentelemetry-context-1.19.0.jar;C:\Users\Sai\.m2\repository\io\opentelemetry\opentelemetry-exporter-logging\1.19.0\opentelemetry-exporter-logging-1.19.0.jar;C:\Users\Sai\.m2\repository\io\opentelemetry\opentelemetry-sdk-metrics\1.19.0\opentelemetry-sdk-metrics-1.19.0.jar;C:\Users\Sai\.m2\repository\io\opentelemetry\opentelemetry-sdk-logs\1.19.0-alpha\opentelemetry-sdk-logs-1.19.0-alpha.jar;C:\Users\Sai\.m2\repository\io\opentelemetry\opentelemetry-api-logs\1.19.0-alpha\opentelemetry-api-logs-1.19.0-alpha.jar;C:\Users\Sai\.m2\repository\io\opentelemetry\opentelemetry-sdk-common\1.19.0\opentelemetry-sdk-common-1.19.0.jar;C:\Users\Sai\.m2\repository\io\opentelemetry\opentelemetry-sdk-extension-autoconfigure-spi\1.19.0\opentelemetry-sdk-extension-autoconfigure-spi-1.19.0.jar;C:\Users\Sai\.m2\repository\io\opentelemetry\opentelemetry-sdk-extension-autoconfigure\1.19.0-alpha\opentelemetry-sdk-extension-autoconfigure-1.19.0-alpha.jar;C:\Users\Sai\.m2\repository\io\opentelemetry\opentelemetry-exporter-common\1.19.0\opentelemetry-exporter-common-1.19.0.jar;C:\Users\Sai\.m2\repository\io\opentelemetry\opentelemetry-sdk-trace\1.19.0\opentelemetry-sdk-trace-1.19.0.jar;C:\Users\Sai\.m2\repository\io\opentelemetry\opentelemetry-sdk\1.19.0\opentelemetry-sdk-1.19.0.jar;C:\Users\Sai\.m2\repository\io\opentelemetry\opentelemetry-semconv\1.19.0-alpha\opentelemetry-semconv-1.19.0-alpha.jar;C:\Users\Sai\.m2\repository\io\ous\jtoml\2.0.0\jtoml-2.0.0.jar;C:\Users\Sai\.m2\repository\net\bytebuddy\byte-buddy\1.12.18\byte-buddy-1.12.18.jar;C:\Users\Sai\.m2\repository\org\apache\commons\commons-exec\1.3\commons-exec-1.3.jar;C:\Users\Sai\.m2\repository\org\asynchttpclient\async-http-client\2.12.3\async-http-client-2.12.3.jar;C:\Users\Sai\.m2\repository\org\asynchttpclient\async-http-client-netty-utils\2.12.3\async-http-client-netty-utils-2.12.3.jar;C:\Users\Sai\.m2\repository\io\netty\netty-codec-socks\4.1.60.Final\netty-codec-socks-4.1.60.Final.jar;C:\Users\Sai\.m2\repository\io\netty\netty-handler-proxy\4.1.60.Final\netty-handler-proxy-4.1.60.Final.jar;C:\Users\Sai\.m2\repository\io\netty\netty-transport-native-epoll\4.1.60.Final\netty-transport-native-epoll-4.1.60.Final-linux-x86_64.jar;C:\Users\Sai\.m2\repository\io\netty\netty-transport-native-kqueue\4.1.60.Final\netty-transport-native-kqueue-4.1.60.Final-osx-x86_64.jar;C:\Users\Sai\.m2\repository\com\typesafe\netty\netty-reactive-streams\2.0.4\netty-reactive-streams-2.0.4.jar;C:\Users\Sai\.m2\repository\com\sun\activation\jakarta.activation\1.2.2\jakarta.activation-1.2.2.jar;C:\Users\Sai\.m2\repository\org\seleniumhq\selenium\selenium-http\4.6.0\selenium-http-4.6.0.jar;C:\Users\Sai\.m2\repository\dev\failsafe\failsafe\3.3.0\failsafe-3.3.0.jar;C:\Users\Sai\.m2\repository\org\seleniumhq\selenium\selenium-manager\4.6.0\selenium-manager-4.6.0.jar;C:\Users\Sai\.m2\repository\org\seleniumhq\selenium\selenium-safari-driver\4.6.0\selenium-safari-driver-4.6.0.jar;C:\Users\Sai\.m2\repository\org\seleniumhq\selenium\selenium-support\4.6.0\selenium-support-4.6.0.jar;C:\Users\Sai\.m2\repository\org\apache\logging\log4j\log4j-core\2.18.0\log4j-core-2.18.0.jar;C:\Users\Sai\.m2\repository\org\apache\logging\log4j\log4j-api\2.18.0\log4j-api-2.18.0.jar;C:\Users\Sai\.m2\repository\com\aventstack\extentreports\5.0.9\extentreports-5.0.9.jar;C:\Users\Sai\.m2\repository\io\reactivex\rxjava3\rxjava\3.0.4\rxjava-3.0.4.jar;C:\Users\Sai\.m2\repository\org\reactivestreams\reactive-streams\1.0.3\reactive-streams-1.0.3.jar;C:\Users\Sai\.m2\repository\org\freemarker\freemarker\2.3.30\freemarker-2.3.30.jar;C:\Users\Sai\.m2\repository\org\projectlombok\lombok\1.18.12\lombok-1.18.12.jar;C:\Users\Sai\.m2\repository\org\apache\poi\poi\5.2.2\poi-5.2.2.jar;C:\Users\Sai\.m2\repository\commons-codec\commons-codec\1.15\commons-codec-1.15.jar;C:\Users\Sai\.m2\repository\org\apache\commons\commons-collections4\4.4\commons-collections4-4.4.jar;C:\Users\Sai\.m2\repository\org\apache\commons\commons-math3\3.6.1\commons-math3-3.6.1.jar;C:\Users\Sai\.m2\repository\commons-io\commons-io\2.11.0\commons-io-2.11.0.jar;C:\Users\Sai\.m2\repository\com\zaxxer\SparseBitSet\1.2\SparseBitSet-1.2.jar;C:\Users\Sai\.m2\repository\org\apache\poi\poi-ooxml\5.2.2\poi-ooxml-5.2.2.jar;C:\Users\Sai\.m2\repository\org\apache\poi\poi-ooxml-lite\5.2.2\poi-ooxml-lite-5.2.2.jar;C:\Users\Sai\.m2\repository\org\apache\xmlbeans\xmlbeans\5.0.3\xmlbeans-5.0.3.jar;C:\Users\Sai\.m2\repository\org\apache\commons\commons-compress\1.21\commons-compress-1.21.jar;C:\Users\Sai\.m2\repository\com\github\virtuald\curvesapi\1.07\curvesapi-1.07.jar;"/>
    <property name="java.vm.vendor" value="Oracle Corporation"/>
    <property name="sun.arch.data.model" value="64"/>
    <property name="user.variant" value=""/>
    <property name="java.vendor.url" value="https://java.oracle.com/"/>
    <property name="user.timezone" value="Asia/Calcutta"/>
    <property name="os.name" value="Windows 10"/>
    <property name="java.vm.specification.version" value="19"/>
    <property name="sun.java.launcher" value="SUN_STANDARD"/>
    <property name="user.country" value="IN"/>
    <property name="sun.boot.library.path" value="C:\Program Files\Java\jdk-19\bin"/>
    <property name="sun.java.command" value="C:\Users\Sai\AppData\Local\Temp\surefire7660202680587883801\surefirebooter18094698802287664317.jar C:\Users\Sai\AppData\Local\Temp\surefire7660202680587883801 2023-04-09T10-21-51_379-jvmRun1 surefire16374037931062076659tmp surefire_0604036744484007117tmp"/>
    <property name="jdk.debug" value="release"/>
    <property name="surefire.test.class.path" value="E:\OneDrive\Desktop\DemoTest\Eclipse Workspace\DemoTestMavenProject\MyStoreV1\target\test-classes;E:\OneDrive\Desktop\DemoTest\Eclipse Workspace\DemoTestMavenProject\MyStoreV1\target\classes;C:\Users\Sai\.m2\repository\junit\junit\3.8.1\junit-3.8.1.jar;C:\Users\Sai\.m2\repository\org\testng\testng\7.6.1\testng-7.6.1.jar;C:\Users\Sai\.m2\repository\com\google\code\findbugs\jsr305\3.0.2\jsr305-3.0.2.jar;C:\Users\Sai\.m2\repository\org\slf4j\slf4j-api\1.7.36\slf4j-api-1.7.36.jar;C:\Users\Sai\.m2\repository\com\beust\jcommander\1.82\jcommander-1.82.jar;C:\Users\Sai\.m2\repository\org\webjars\jquery\3.6.0\jquery-3.6.0.jar;C:\Users\Sai\.m2\repository\io\github\bonigarcia\webdrivermanager\5.3.1\webdrivermanager-5.3.1.jar;C:\Users\Sai\.m2\repository\com\google\code\gson\gson\2.10\gson-2.10.jar;C:\Users\Sai\.m2\repository\com\github\docker-java\docker-java\3.2.13\docker-java-3.2.13.jar;C:\Users\Sai\.m2\repository\com\github\docker-java\docker-java-core\3.2.13\docker-java-core-3.2.13.jar;C:\Users\Sai\.m2\repository\com\github\docker-java\docker-java-api\3.2.13\docker-java-api-3.2.13.jar;C:\Users\Sai\.m2\repository\com\fasterxml\jackson\core\jackson-annotations\2.10.3\jackson-annotations-2.10.3.jar;C:\Users\Sai\.m2\repository\com\fasterxml\jackson\core\jackson-databind\2.10.3\jackson-databind-2.10.3.jar;C:\Users\Sai\.m2\repository\com\fasterxml\jackson\core\jackson-core\2.10.3\jackson-core-2.10.3.jar;C:\Users\Sai\.m2\repository\org\bouncycastle\bcpkix-jdk15on\1.64\bcpkix-jdk15on-1.64.jar;C:\Users\Sai\.m2\repository\org\bouncycastle\bcprov-jdk15on\1.64\bcprov-jdk15on-1.64.jar;C:\Users\Sai\.m2\repository\org\slf4j\jcl-over-slf4j\1.7.30\jcl-over-slf4j-1.7.30.jar;C:\Users\Sai\.m2\repository\com\github\docker-java\docker-java-transport-httpclient5\3.2.13\docker-java-transport-httpclient5-3.2.13.jar;C:\Users\Sai\.m2\repository\com\github\docker-java\docker-java-transport\3.2.13\docker-java-transport-3.2.13.jar;C:\Users\Sai\.m2\repository\net\java\dev\jna\jna\5.8.0\jna-5.8.0.jar;C:\Users\Sai\.m2\repository\org\brotli\dec\0.1.2\dec-0.1.2.jar;C:\Users\Sai\.m2\repository\org\apache\commons\commons-lang3\3.12.0\commons-lang3-3.12.0.jar;C:\Users\Sai\.m2\repository\org\apache\httpcomponents\client5\httpclient5\5.1.3\httpclient5-5.1.3.jar;C:\Users\Sai\.m2\repository\org\apache\httpcomponents\core5\httpcore5\5.1.3\httpcore5-5.1.3.jar;C:\Users\Sai\.m2\repository\org\apache\httpcomponents\core5\httpcore5-h2\5.1.3\httpcore5-h2-5.1.3.jar;C:\Users\Sai\.m2\repository\org\seleniumhq\selenium\selenium-java\4.6.0\selenium-java-4.6.0.jar;C:\Users\Sai\.m2\repository\org\seleniumhq\selenium\selenium-api\4.6.0\selenium-api-4.6.0.jar;C:\Users\Sai\.m2\repository\org\seleniumhq\selenium\selenium-chrome-driver\4.6.0\selenium-chrome-driver-4.6.0.jar;C:\Users\Sai\.m2\repository\com\google\auto\service\auto-service-annotations\1.0.1\auto-service-annotations-1.0.1.jar;C:\Users\Sai\.m2\repository\com\google\auto\service\auto-service\1.0.1\auto-service-1.0.1.jar;C:\Users\Sai\.m2\repository\com\google\auto\auto-common\1.2\auto-common-1.2.jar;C:\Users\Sai\.m2\repository\com\google\guava\guava\31.1-jre\guava-31.1-jre.jar;C:\Users\Sai\.m2\repository\com\google\guava\failureaccess\1.0.1\failureaccess-1.0.1.jar;C:\Users\Sai\.m2\repository\com\google\guava\listenablefuture\9999.0-empty-to-avoid-conflict-with-guava\listenablefuture-9999.0-empty-to-avoid-conflict-with-guava.jar;C:\Users\Sai\.m2\repository\org\checkerframework\checker-qual\3.12.0\checker-qual-3.12.0.jar;C:\Users\Sai\.m2\repository\com\google\errorprone\error_prone_annotations\2.11.0\error_prone_annotations-2.11.0.jar;C:\Users\Sai\.m2\repository\com\google\j2objc\j2objc-annotations\1.3\j2objc-annotations-1.3.jar;C:\Users\Sai\.m2\repository\org\seleniumhq\selenium\selenium-chromium-driver\4.6.0\selenium-chromium-driver-4.6.0.jar;C:\Users\Sai\.m2\repository\org\seleniumhq\selenium\selenium-json\4.6.0\selenium-json-4.6.0.jar;C:\Users\Sai\.m2\repository\org\seleniumhq\selenium\selenium-devtools-v105\4.6.0\selenium-devtools-v105-4.6.0.jar;C:\Users\Sai\.m2\repository\org\seleniumhq\selenium\selenium-devtools-v106\4.6.0\selenium-devtools-v106-4.6.0.jar;C:\Users\Sai\.m2\repository\org\seleniumhq\selenium\selenium-devtools-v107\4.6.0\selenium-devtools-v107-4.6.0.jar;C:\Users\Sai\.m2\repository\org\seleniumhq\selenium\selenium-devtools-v85\4.6.0\selenium-devtools-v85-4.6.0.jar;C:\Users\Sai\.m2\repository\org\seleniumhq\selenium\selenium-edge-driver\4.6.0\selenium-edge-driver-4.6.0.jar;C:\Users\Sai\.m2\repository\org\seleniumhq\selenium\selenium-firefox-driver\4.6.0\selenium-firefox-driver-4.6.0.jar;C:\Users\Sai\.m2\repository\org\seleniumhq\selenium\selenium-ie-driver\4.6.0\selenium-ie-driver-4.6.0.jar;C:\Users\Sai\.m2\repository\org\seleniumhq\selenium\selenium-remote-driver\4.6.0\selenium-remote-driver-4.6.0.jar;C:\Users\Sai\.m2\repository\io\netty\netty-buffer\4.1.84.Final\netty-buffer-4.1.84.Final.jar;C:\Users\Sai\.m2\repository\io\netty\netty-codec-http\4.1.84.Final\netty-codec-http-4.1.84.Final.jar;C:\Users\Sai\.m2\repository\io\netty\netty-codec\4.1.84.Final\netty-codec-4.1.84.Final.jar;C:\Users\Sai\.m2\repository\io\netty\netty-handler\4.1.84.Final\netty-handler-4.1.84.Final.jar;C:\Users\Sai\.m2\repository\io\netty\netty-common\4.1.84.Final\netty-common-4.1.84.Final.jar;C:\Users\Sai\.m2\repository\io\netty\netty-transport-classes-epoll\4.1.84.Final\netty-transport-classes-epoll-4.1.84.Final.jar;C:\Users\Sai\.m2\repository\io\netty\netty-transport-classes-kqueue\4.1.84.Final\netty-transport-classes-kqueue-4.1.84.Final.jar;C:\Users\Sai\.m2\repository\io\netty\netty-transport-native-epoll\4.1.84.Final\netty-transport-native-epoll-4.1.84.Final.jar;C:\Users\Sai\.m2\repository\io\netty\netty-transport-native-kqueue\4.1.84.Final\netty-transport-native-kqueue-4.1.84.Final.jar;C:\Users\Sai\.m2\repository\io\netty\netty-transport-native-unix-common\4.1.84.Final\netty-transport-native-unix-common-4.1.84.Final.jar;C:\Users\Sai\.m2\repository\io\netty\netty-transport\4.1.84.Final\netty-transport-4.1.84.Final.jar;C:\Users\Sai\.m2\repository\io\netty\netty-resolver\4.1.84.Final\netty-resolver-4.1.84.Final.jar;C:\Users\Sai\.m2\repository\io\opentelemetry\opentelemetry-api\1.19.0\opentelemetry-api-1.19.0.jar;C:\Users\Sai\.m2\repository\io\opentelemetry\opentelemetry-context\1.19.0\opentelemetry-context-1.19.0.jar;C:\Users\Sai\.m2\repository\io\opentelemetry\opentelemetry-exporter-logging\1.19.0\opentelemetry-exporter-logging-1.19.0.jar;C:\Users\Sai\.m2\repository\io\opentelemetry\opentelemetry-sdk-metrics\1.19.0\opentelemetry-sdk-metrics-1.19.0.jar;C:\Users\Sai\.m2\repository\io\opentelemetry\opentelemetry-sdk-logs\1.19.0-alpha\opentelemetry-sdk-logs-1.19.0-alpha.jar;C:\Users\Sai\.m2\repository\io\opentelemetry\opentelemetry-api-logs\1.19.0-alpha\opentelemetry-api-logs-1.19.0-alpha.jar;C:\Users\Sai\.m2\repository\io\opentelemetry\opentelemetry-sdk-common\1.19.0\opentelemetry-sdk-common-1.19.0.jar;C:\Users\Sai\.m2\repository\io\opentelemetry\opentelemetry-sdk-extension-autoconfigure-spi\1.19.0\opentelemetry-sdk-extension-autoconfigure-spi-1.19.0.jar;C:\Users\Sai\.m2\repository\io\opentelemetry\opentelemetry-sdk-extension-autoconfigure\1.19.0-alpha\opentelemetry-sdk-extension-autoconfigure-1.19.0-alpha.jar;C:\Users\Sai\.m2\repository\io\opentelemetry\opentelemetry-exporter-common\1.19.0\opentelemetry-exporter-common-1.19.0.jar;C:\Users\Sai\.m2\repository\io\opentelemetry\opentelemetry-sdk-trace\1.19.0\opentelemetry-sdk-trace-1.19.0.jar;C:\Users\Sai\.m2\repository\io\opentelemetry\opentelemetry-sdk\1.19.0\opentelemetry-sdk-1.19.0.jar;C:\Users\Sai\.m2\repository\io\opentelemetry\opentelemetry-semconv\1.19.0-alpha\opentelemetry-semconv-1.19.0-alpha.jar;C:\Users\Sai\.m2\repository\io\ous\jtoml\2.0.0\jtoml-2.0.0.jar;C:\Users\Sai\.m2\repository\net\bytebuddy\byte-buddy\1.12.18\byte-buddy-1.12.18.jar;C:\Users\Sai\.m2\repository\org\apache\commons\commons-exec\1.3\commons-exec-1.3.jar;C:\Users\Sai\.m2\repository\org\asynchttpclient\async-http-client\2.12.3\async-http-client-2.12.3.jar;C:\Users\Sai\.m2\repository\org\asynchttpclient\async-http-client-netty-utils\2.12.3\async-http-client-netty-utils-2.12.3.jar;C:\Users\Sai\.m2\repository\io\netty\netty-codec-socks\4.1.60.Final\netty-codec-socks-4.1.60.Final.jar;C:\Users\Sai\.m2\repository\io\netty\netty-handler-proxy\4.1.60.Final\netty-handler-proxy-4.1.60.Final.jar;C:\Users\Sai\.m2\repository\io\netty\netty-transport-native-epoll\4.1.60.Final\netty-transport-native-epoll-4.1.60.Final-linux-x86_64.jar;C:\Users\Sai\.m2\repository\io\netty\netty-transport-native-kqueue\4.1.60.Final\netty-transport-native-kqueue-4.1.60.Final-osx-x86_64.jar;C:\Users\Sai\.m2\repository\com\typesafe\netty\netty-reactive-streams\2.0.4\netty-reactive-streams-2.0.4.jar;C:\Users\Sai\.m2\repository\com\sun\activation\jakarta.activation\1.2.2\jakarta.activation-1.2.2.jar;C:\Users\Sai\.m2\repository\org\seleniumhq\selenium\selenium-http\4.6.0\selenium-http-4.6.0.jar;C:\Users\Sai\.m2\repository\dev\failsafe\failsafe\3.3.0\failsafe-3.3.0.jar;C:\Users\Sai\.m2\repository\org\seleniumhq\selenium\selenium-manager\4.6.0\selenium-manager-4.6.0.jar;C:\Users\Sai\.m2\repository\org\seleniumhq\selenium\selenium-safari-driver\4.6.0\selenium-safari-driver-4.6.0.jar;C:\Users\Sai\.m2\repository\org\seleniumhq\selenium\selenium-support\4.6.0\selenium-support-4.6.0.jar;C:\Users\Sai\.m2\repository\org\apache\logging\log4j\log4j-core\2.18.0\log4j-core-2.18.0.jar;C:\Users\Sai\.m2\repository\org\apache\logging\log4j\log4j-api\2.18.0\log4j-api-2.18.0.jar;C:\Users\Sai\.m2\repository\com\aventstack\extentreports\5.0.9\extentreports-5.0.9.jar;C:\Users\Sai\.m2\repository\io\reactivex\rxjava3\rxjava\3.0.4\rxjava-3.0.4.jar;C:\Users\Sai\.m2\repository\org\reactivestreams\reactive-streams\1.0.3\reactive-streams-1.0.3.jar;C:\Users\Sai\.m2\repository\org\freemarker\freemarker\2.3.30\freemarker-2.3.30.jar;C:\Users\Sai\.m2\repository\org\projectlombok\lombok\1.18.12\lombok-1.18.12.jar;C:\Users\Sai\.m2\repository\org\apache\poi\poi\5.2.2\poi-5.2.2.jar;C:\Users\Sai\.m2\repository\commons-codec\commons-codec\1.15\commons-codec-1.15.jar;C:\Users\Sai\.m2\repository\org\apache\commons\commons-collections4\4.4\commons-collections4-4.4.jar;C:\Users\Sai\.m2\repository\org\apache\commons\commons-math3\3.6.1\commons-math3-3.6.1.jar;C:\Users\Sai\.m2\repository\commons-io\commons-io\2.11.0\commons-io-2.11.0.jar;C:\Users\Sai\.m2\repository\com\zaxxer\SparseBitSet\1.2\SparseBitSet-1.2.jar;C:\Users\Sai\.m2\repository\org\apache\poi\poi-ooxml\5.2.2\poi-ooxml-5.2.2.jar;C:\Users\Sai\.m2\repository\org\apache\poi\poi-ooxml-lite\5.2.2\poi-ooxml-lite-5.2.2.jar;C:\Users\Sai\.m2\repository\org\apache\xmlbeans\xmlbeans\5.0.3\xmlbeans-5.0.3.jar;C:\Users\Sai\.m2\repository\org\apache\commons\commons-compress\1.21\commons-compress-1.21.jar;C:\Users\Sai\.m2\repository\com\github\virtuald\curvesapi\1.07\curvesapi-1.07.jar;"/>
    <property name="sun.cpu.endian" value="little"/>
    <property name="user.home" value="C:\Users\Sai"/>
    <property name="user.language" value="en"/>
    <property name="java.specification.vendor" value="Oracle Corporation"/>
    <property name="java.version.date" value="2022-09-20"/>
    <property name="java.home" value="C:\Program Files\Java\jdk-19"/>
    <property name="file.separator" value="\"/>
    <property name="basedir" value="E:\OneDrive\Desktop\DemoTest\Eclipse Workspace\DemoTestMavenProject\MyStoreV1"/>
    <property name="style.color" value="always"/>
    <property name="java.vm.compressedOopsMode" value="32-bit"/>
    <property name="line.separator" value="&#10;"/>
    <property name="java.vm.specification.vendor" value="Oracle Corporation"/>
    <property name="java.specification.name" value="Java Platform API Specification"/>
    <property name="surefire.real.class.path" value="C:\Users\Sai\AppData\Local\Temp\surefire7660202680587883801\surefirebooter18094698802287664317.jar"/>
    <property name="user.script" value=""/>
    <property name="sun.management.compiler" value="HotSpot 64-Bit Tiered Compilers"/>
    <property name="java.runtime.version" value="19+36-2238"/>
    <property name="user.name" value="Sai"/>
    <property name="stdout.encoding" value="Cp1252"/>
    <property name="path.separator" value=";"/>
    <property name="os.version" value="10.0"/>
    <property name="java.runtime.name" value="Java(TM) SE Runtime Environment"/>
    <property name="file.encoding" value="UTF-8"/>
    <property name="java.vm.name" value="Java HotSpot(TM) 64-Bit Server VM"/>
    <property name="localRepository" value="C:\Users\Sai\.m2\repository"/>
    <property name="java.vendor.url.bug" value="https://bugreport.java.com/bugreport/"/>
    <property name="java.io.tmpdir" value="C:\Users\Sai\AppData\Local\Temp\"/>
    <property name="java.version" value="19"/>
    <property name="user.dir" value="E:\OneDrive\Desktop\DemoTest\Eclipse Workspace\DemoTestMavenProject\MyStoreV1"/>
    <property name="os.arch" value="amd64"/>
    <property name="java.vm.specification.name" value="Java Virtual Machine Specification"/>
    <property name="sun.os.patch.level" value=""/>
    <property name="native.encoding" value="Cp1252"/>
    <property name="java.library.path" value="C:\Program Files\Java\jdk-19\bin;C:\WINDOWS\Sun\Java\bin;C:\WINDOWS\system32;C:\WINDOWS;C:\Program Files\Common Files\Oracle\Java\javapath;C:\Program Files\MinGW\bin;C:\WINDOWS\system32;C:\WINDOWS;C:\WINDOWS\System32\Wbem;C:\WINDOWS\System32\WindowsPowerShell\v1.0\;C:\WINDOWS\System32\OpenSSH\;C:\Program Files\dotnet\;C:\Program Files\Microsoft SQL Server\150\Tools\Binn\;C:\Program Files\Microsoft SQL Server\Client SDK\ODBC\170\Tools\Binn\;C:\Program Files (x86)\Microsoft SQL Server\150\Tools\Binn\;C:\Program Files\Microsoft SQL Server\150\DTS\Binn\;C:\Program Files\Java\jdk-19\bin;C:\Users\Sai\AppData\Local\Microsoft\WindowsApps;C:\Program Files\MinGW\bin;C:\IntelliJ IDEA Community Edition 2021.3.2\bin;;C:\Program Files\Java\jdk-17.0.2\bin;C:\Users\Sai\.dotnet\tools;."/>
    <property name="java.vm.info" value="mixed mode, sharing"/>
    <property name="stderr.encoding" value="Cp1252"/>
    <property name="java.vendor" value="Oracle Corporation"/>
    <property name="java.vm.version" value="19+36-2238"/>
    <property name="sun.io.unicode.encoding" value="UnicodeLittle"/>
    <property name="java.class.version" value="63.0"/>
  </properties>
  <testcase name="Login[standard_user, secret_sauce](1)" classname="com.mystore.testcases.TC_LoginPageTestDataDrivenTesting" time="0.967">
    <system-out><![CDATA[On start method invoked...
[DEBUG] 2023-04-09 10:21:57.223 [main] InternalLoggerFactory - Using Log4J2 as the default logging framework
[DEBUG] 2023-04-09 10:21:57.235 [main] ResourceLeakDetector - -Dio.netty.leakDetection.level: simple
[DEBUG] 2023-04-09 10:21:57.235 [main] ResourceLeakDetector - -Dio.netty.leakDetection.targetRecords: 4
[DEBUG] 2023-04-09 10:21:57.242 [main] ResourceLeakDetectorFactory - Loaded default ResourceLeakDetector: io.netty.util.ResourceLeakDetector@6df3e44c
[DEBUG] 2023-04-09 10:21:57.265 [main] PlatformDependent0 - -Dio.netty.noUnsafe: false
[DEBUG] 2023-04-09 10:21:57.265 [main] PlatformDependent0 - Java version: 19
[DEBUG] 2023-04-09 10:21:57.267 [main] PlatformDependent0 - sun.misc.Unsafe.theUnsafe: available
[DEBUG] 2023-04-09 10:21:57.268 [main] PlatformDependent0 - sun.misc.Unsafe.copyMemory: available
[DEBUG] 2023-04-09 10:21:57.268 [main] PlatformDependent0 - sun.misc.Unsafe.storeFence: available
[DEBUG] 2023-04-09 10:21:57.270 [main] PlatformDependent0 - java.nio.Buffer.address: available
[DEBUG] 2023-04-09 10:21:57.270 [main] PlatformDependent0 - direct buffer constructor: unavailable: Reflective setAccessible(true) disabled
[DEBUG] 2023-04-09 10:21:57.272 [main] PlatformDependent0 - java.nio.Bits.unaligned: available, true
[DEBUG] 2023-04-09 10:21:57.273 [main] PlatformDependent0 - jdk.internal.misc.Unsafe.allocateUninitializedArray(int): unavailable: class io.netty.util.internal.PlatformDependent0$7 cannot access class jdk.internal.misc.Unsafe (in module java.base) because module java.base does not export jdk.internal.misc to unnamed module @1ed1993a
[DEBUG] 2023-04-09 10:21:57.274 [main] PlatformDependent0 - java.nio.DirectByteBuffer.<init>(long, int): unavailable
[DEBUG] 2023-04-09 10:21:57.275 [main] PlatformDependent - sun.misc.Unsafe: available
[DEBUG] 2023-04-09 10:21:57.276 [main] PlatformDependent - maxDirectMemory: 2120220672 bytes (maybe)
[DEBUG] 2023-04-09 10:21:57.276 [main] PlatformDependent - -Dio.netty.tmpdir: C:\Users\Sai\AppData\Local\Temp (java.io.tmpdir)
[DEBUG] 2023-04-09 10:21:57.276 [main] PlatformDependent - -Dio.netty.bitMode: 64 (sun.arch.data.model)
[DEBUG] 2023-04-09 10:21:57.277 [main] PlatformDependent - Platform: Windows
[DEBUG] 2023-04-09 10:21:57.278 [main] PlatformDependent - -Dio.netty.maxDirectMemory: -1 bytes
[DEBUG] 2023-04-09 10:21:57.278 [main] PlatformDependent - -Dio.netty.uninitializedArrayAllocationThreshold: -1
[DEBUG] 2023-04-09 10:21:57.281 [main] CleanerJava9 - java.nio.ByteBuffer.cleaner(): available
[DEBUG] 2023-04-09 10:21:57.282 [main] PlatformDependent - -Dio.netty.noPreferDirect: false
[DEBUG] 2023-04-09 10:21:57.295 [main] PlatformDependent - org.jctools-core.MpscChunkedArrayQueue: available
[DEBUG] 2023-04-09 10:21:57.319 [main] InternalThreadLocalMap - -Dio.netty.threadLocalMap.stringBuilder.initialSize: 1024
[DEBUG] 2023-04-09 10:21:57.319 [main] InternalThreadLocalMap - -Dio.netty.threadLocalMap.stringBuilder.maxSize: 4096
[DEBUG] 2023-04-09 10:21:57.407 [main] JdkSslContext - Default protocols (JDK): [TLSv1.3, TLSv1.2] 
[DEBUG] 2023-04-09 10:21:57.407 [main] JdkSslContext - Default cipher suites (JDK): [TLS_ECDHE_ECDSA_WITH_AES_256_GCM_SHA384, TLS_ECDHE_ECDSA_WITH_AES_128_GCM_SHA256, TLS_ECDHE_RSA_WITH_AES_128_GCM_SHA256, TLS_ECDHE_RSA_WITH_AES_256_GCM_SHA384, TLS_ECDHE_RSA_WITH_AES_128_CBC_SHA, TLS_ECDHE_RSA_WITH_AES_256_CBC_SHA, TLS_RSA_WITH_AES_128_GCM_SHA256, TLS_RSA_WITH_AES_128_CBC_SHA, TLS_RSA_WITH_AES_256_CBC_SHA, TLS_AES_128_GCM_SHA256, TLS_AES_256_GCM_SHA384]
[DEBUG] 2023-04-09 10:21:57.462 [main] MultithreadEventLoopGroup - -Dio.netty.eventLoopThreads: 8
[DEBUG] 2023-04-09 10:21:57.479 [main] NioEventLoop - -Dio.netty.noKeySetOptimization: false
[DEBUG] 2023-04-09 10:21:57.479 [main] NioEventLoop - -Dio.netty.selectorAutoRebuildThreshold: 512
[DEBUG] 2023-04-09 10:21:57.615 [main] PooledByteBufAllocator - -Dio.netty.allocator.numHeapArenas: 8
[DEBUG] 2023-04-09 10:21:57.616 [main] PooledByteBufAllocator - -Dio.netty.allocator.numDirectArenas: 8
[DEBUG] 2023-04-09 10:21:57.617 [main] PooledByteBufAllocator - -Dio.netty.allocator.pageSize: 8192
[DEBUG] 2023-04-09 10:21:57.618 [main] PooledByteBufAllocator - -Dio.netty.allocator.maxOrder: 9
[DEBUG] 2023-04-09 10:21:57.619 [main] PooledByteBufAllocator - -Dio.netty.allocator.chunkSize: 4194304
[DEBUG] 2023-04-09 10:21:57.619 [main] PooledByteBufAllocator - -Dio.netty.allocator.smallCacheSize: 256
[DEBUG] 2023-04-09 10:21:57.619 [main] PooledByteBufAllocator - -Dio.netty.allocator.normalCacheSize: 64
[DEBUG] 2023-04-09 10:21:57.620 [main] PooledByteBufAllocator - -Dio.netty.allocator.maxCachedBufferCapacity: 32768
[DEBUG] 2023-04-09 10:21:57.621 [main] PooledByteBufAllocator - -Dio.netty.allocator.cacheTrimInterval: 8192
[DEBUG] 2023-04-09 10:21:57.621 [main] PooledByteBufAllocator - -Dio.netty.allocator.cacheTrimIntervalMillis: 0
[DEBUG] 2023-04-09 10:21:57.621 [main] PooledByteBufAllocator - -Dio.netty.allocator.useCacheForAllThreads: false
[DEBUG] 2023-04-09 10:21:57.621 [main] PooledByteBufAllocator - -Dio.netty.allocator.maxCachedByteBuffersPerChunk: 1023
[DEBUG] 2023-04-09 10:21:57.653 [main] ByteBufUtil - -Dio.netty.allocator.type: pooled
[DEBUG] 2023-04-09 10:21:57.653 [main] ByteBufUtil - -Dio.netty.threadLocalDirectBufferSize: 0
[DEBUG] 2023-04-09 10:21:57.655 [main] ByteBufUtil - -Dio.netty.maxThreadLocalCharBufferSize: 16384
[DEBUG] 2023-04-09 10:21:58.364 [Forwarding newSession on session null to remote] DefaultChannelId - -Dio.netty.processId: 9792 (auto-detected)
[DEBUG] 2023-04-09 10:21:58.367 [Forwarding newSession on session null to remote] NetUtil - -Djava.net.preferIPv4Stack: false
[DEBUG] 2023-04-09 10:21:58.368 [Forwarding newSession on session null to remote] NetUtil - -Djava.net.preferIPv6Addresses: false
[DEBUG] 2023-04-09 10:21:58.385 [Forwarding newSession on session null to remote] NetUtilInitializations - Loopback interface: lo (Software Loopback Interface 1, 127.0.0.1)
[DEBUG] 2023-04-09 10:21:58.387 [Forwarding newSession on session null to remote] NetUtil - Failed to get SOMAXCONN from sysctl and file \proc\sys\net\core\somaxconn. Default: 200
[DEBUG] 2023-04-09 10:21:58.437 [Forwarding newSession on session null to remote] DefaultChannelId - -Dio.netty.machineId: 58:00:e3:ff:fe:a0:7b:5b (auto-detected)
[DEBUG] 2023-04-09 10:21:58.533 [AsyncHttpClient-1-2] AbstractByteBuf - -Dio.netty.buffer.checkAccessible: true
[DEBUG] 2023-04-09 10:21:58.534 [AsyncHttpClient-1-2] AbstractByteBuf - -Dio.netty.buffer.checkBounds: true
[DEBUG] 2023-04-09 10:21:58.534 [AsyncHttpClient-1-2] ResourceLeakDetectorFactory - Loaded default ResourceLeakDetector: io.netty.util.ResourceLeakDetector@dd44e34
[DEBUG] 2023-04-09 10:21:58.615 [AsyncHttpClient-1-2] Recycler - -Dio.netty.recycler.maxCapacityPerThread: 4096
[DEBUG] 2023-04-09 10:21:58.615 [AsyncHttpClient-1-2] Recycler - -Dio.netty.recycler.ratio: 8
[DEBUG] 2023-04-09 10:21:58.615 [AsyncHttpClient-1-2] Recycler - -Dio.netty.recycler.chunkSize: 32
[DEBUG] 2023-04-09 10:21:58.616 [AsyncHttpClient-1-2] Recycler - -Dio.netty.recycler.blocking: false
[DEBUG] 2023-04-09 10:22:00.146 [AsyncHttpClient-1-2] Brotli - brotli4j not in the classpath; Brotli support will be unavailable.
[DEBUG] 2023-04-09 10:22:00.354 [main] ThreadLocalRandom - -Dio.netty.initialSeedUniquifier: 0xc2fe9a24aab8a7dc
[INFO ] 2023-04-09 10:22:03.541 [main] MyStoreV1 - url opened
[DEBUG] 2023-04-09 10:22:03.773 [main] PackageRelationshipCollection - Parsing relationship: /xl/_rels/workbook.xml.rels
[DEBUG] 2023-04-09 10:22:03.779 [main] PackageRelationshipCollection - Parsing relationship: /xl/worksheets/_rels/sheet1.xml.rels
[DEBUG] 2023-04-09 10:22:03.782 [main] PackageRelationshipCollection - Parsing relationship: /_rels/.rels
[DEBUG] 2023-04-09 10:22:04.699 [main] PackageRelationshipCollection - Parsing relationship: /xl/_rels/workbook.xml.rels
[DEBUG] 2023-04-09 10:22:04.702 [main] PackageRelationshipCollection - Parsing relationship: /xl/worksheets/_rels/sheet1.xml.rels
[DEBUG] 2023-04-09 10:22:04.705 [main] PackageRelationshipCollection - Parsing relationship: /_rels/.rels
[DEBUG] 2023-04-09 10:22:04.752 [main] PackageRelationshipCollection - Parsing relationship: /xl/_rels/workbook.xml.rels
[DEBUG] 2023-04-09 10:22:04.753 [main] PackageRelationshipCollection - Parsing relationship: /xl/worksheets/_rels/sheet1.xml.rels
[DEBUG] 2023-04-09 10:22:04.755 [main] PackageRelationshipCollection - Parsing relationship: /_rels/.rels
[DEBUG] 2023-04-09 10:22:04.809 [main] PackageRelationshipCollection - Parsing relationship: /xl/_rels/workbook.xml.rels
[DEBUG] 2023-04-09 10:22:04.811 [main] PackageRelationshipCollection - Parsing relationship: /xl/worksheets/_rels/sheet1.xml.rels
[DEBUG] 2023-04-09 10:22:04.814 [main] PackageRelationshipCollection - Parsing relationship: /_rels/.rels
[DEBUG] 2023-04-09 10:22:04.869 [main] PackageRelationshipCollection - Parsing relationship: /xl/_rels/workbook.xml.rels
[DEBUG] 2023-04-09 10:22:04.886 [main] PackageRelationshipCollection - Parsing relationship: /xl/worksheets/_rels/sheet1.xml.rels
[DEBUG] 2023-04-09 10:22:04.895 [main] PackageRelationshipCollection - Parsing relationship: /_rels/.rels
[DEBUG] 2023-04-09 10:22:04.951 [main] PackageRelationshipCollection - Parsing relationship: /xl/_rels/workbook.xml.rels
[DEBUG] 2023-04-09 10:22:04.953 [main] PackageRelationshipCollection - Parsing relationship: /xl/worksheets/_rels/sheet1.xml.rels
[DEBUG] 2023-04-09 10:22:04.955 [main] PackageRelationshipCollection - Parsing relationship: /_rels/.rels
Name of Started test method: Login
[INFO ] 2023-04-09 10:22:05.256 [main] MyStoreV1 - Entered Username
[INFO ] 2023-04-09 10:22:05.415 [main] MyStoreV1 - Entered Password
[INFO ] 2023-04-09 10:22:05.645 [main] MyStoreV1 - Clicked on Login Button
[INFO ] 2023-04-09 10:22:05.810 [main] MyStoreV1 - Clicked on menu button
[INFO ] 2023-04-09 10:22:05.982 [main] MyStoreV1 - Clicked on Logout Button
Name of Successfully executed test method: Login
]]></system-out>
    <system-err><![CDATA[SLF4J: Failed to load class "org.slf4j.impl.StaticLoggerBinder".
SLF4J: Defaulting to no-operation (NOP) logger implementation
SLF4J: See http://www.slf4j.org/codes.html#StaticLoggerBinder for further details.
Starting ChromeDriver 111.0.5563.64 (c710e93d5b63b7095afe8c2c17df34408078439d-refs/branch-heads/5563@{#995}) on port 12985
Only local connections are allowed.
Please see https://chromedriver.chromium.org/security-considerations for suggestions on keeping ChromeDriver safe.
ChromeDriver was started successfully.
Apr 09, 2023 10:22:00 AM org.openqa.selenium.devtools.CdpVersionFinder findNearestMatch
WARNING: Unable to find an exact match for CDP version 111, so returning the closest version found: 107
]]></system-err>
  </testcase>
  <testcase name="Login[problem_user, secret_sauce](2)" classname="com.mystore.testcases.TC_LoginPageTestDataDrivenTesting" time="0.598">
    <system-out><![CDATA[Name of Started test method: Login
[INFO ] 2023-04-09 10:22:06.126 [main] MyStoreV1 - Entered Username
[INFO ] 2023-04-09 10:22:06.257 [main] MyStoreV1 - Entered Password
[INFO ] 2023-04-09 10:22:06.379 [main] MyStoreV1 - Clicked on Login Button
[INFO ] 2023-04-09 10:22:06.464 [main] MyStoreV1 - Clicked on menu button
[INFO ] 2023-04-09 10:22:06.616 [main] MyStoreV1 - Clicked on Logout Button
Name of Successfully executed test method: Login
]]></system-out>
  </testcase>
  <testcase name="Youtube[Shiv Shiv Shiv shambhu mahadev shambhu](1)" classname="com.mystore.testcases.TC_LoginPageTestDataDrivenTesting" time="30.992">
    <system-out><![CDATA[Name of Started test method: Youtube
[INFO ] 2023-04-09 10:22:14.947 [main] MyStoreV1 - YouTube url opened
[INFO ] 2023-04-09 10:22:25.424 [main] MyStoreV1 - Entered songname
[INFO ] 2023-04-09 10:22:25.615 [main] MyStoreV1 - Clicked on search button
[INFO ] 2023-04-09 10:22:27.574 [main] MyStoreV1 - clicked on song
[INFO ] 2023-04-09 10:22:37.604 [main] MyStoreV1 - Youtube method passed.
Name of Successfully executed test method: Youtube
]]></system-out>
  </testcase>
</testsuite>