<?xml version="1.0" encoding="UTF-8"?>
<!-- Generated by org.testng.reporters.JUnitReportReporter -->
<testsuite hostname="DESKTOP-9RG7NDH" failures="0" tests="3" name="com.mystore.testcases.TC_LoginPageTestDataDrivenTesting" time="31.209" errors="0" timestamp="2024-02-07T09:24:19 IST" skipped="0">
  <testcase classname="com.mystore.testcases.TC_LoginPageTestDataDrivenTesting" name="Login" time="0.861"/>
  <system-out/>
  <testcase classname="com.mystore.testcases.TC_LoginPageTestDataDrivenTesting" name="Youtube" time="29.693"/>
  <system-out/>
  <testcase classname="com.mystore.testcases.TC_LoginPageTestDataDrivenTesting" name="Login" time="0.655"/>
  <system-out/>
</testsuite> <!-- com.mystore.testcases.TC_LoginPageTestDataDrivenTesting -->
