<?xml version="1.0" encoding="UTF-8"?>
<!-- Generated by org.testng.reporters.JUnitReportReporter -->
<testsuite hostname="DESKTOP-9RG7NDH" failures="0" tests="1" name="com.mystore.testcases.JDBCTestCase" time="1.749" errors="0" timestamp="2024-02-08T09:31:23 IST" skipped="0">
  <testcase classname="com.mystore.testcases.JDBCTestCase" name="Login" time="1.749"/>
  <system-out/>
</testsuite> <!-- com.mystore.testcases.JDBCTestCase -->
