<?xml version="1.0" encoding="UTF-8"?>
<!-- Generated by org.testng.reporters.JUnitReportReporter -->
<testsuite hostname="DESKTOP-9RG7NDH" failures="0" tests="2" name="com.mystore.testcases.TC_LoginPageTest" time="32.939" errors="0" timestamp="2024-09-03T10:40:19 IST" skipped="0">
  <testcase classname="com.mystore.testcases.TC_LoginPageTest" name="Login" time="0.690"/>
  <testcase classname="com.mystore.testcases.TC_LoginPageTest" name="Youtube" time="32.249"/>
</testsuite> <!-- com.mystore.testcases.TC_LoginPageTest -->
