<?xml version="1.0" encoding="UTF-8"?>
<!-- Generated by org.testng.reporters.JUnitReportReporter -->
<testsuite hostname="DESKTOP-9RG7NDH" failures="0" tests="3" name="com.mystore.testcases.TC_LoginPageTestDataDrivenTesting" time="34.702" errors="0" timestamp="2024-02-17T09:06:14 IST" skipped="0">
  <testcase classname="com.mystore.testcases.TC_LoginPageTestDataDrivenTesting" name="Youtube" time="32.945"/>
  <system-out/>
  <testcase classname="com.mystore.testcases.TC_LoginPageTestDataDrivenTesting" name="Login" time="0.718"/>
  <system-out/>
  <testcase classname="com.mystore.testcases.TC_LoginPageTestDataDrivenTesting" name="Login" time="1.039"/>
  <system-out/>
</testsuite> <!-- com.mystore.testcases.TC_LoginPageTestDataDrivenTesting -->
