<?xml version="1.0" encoding="UTF-8"?>
<!-- Generated by org.testng.reporters.JUnitReportReporter -->
<testsuite hostname="DESKTOP-9RG7NDH" failures="0" tests="3" name="com.mystore.testcases.TC_LoginPageTestDataDrivenTesting" time="15.025" errors="0" timestamp="2024-09-02T18:26:49 IST" skipped="0">
  <testcase classname="com.mystore.testcases.TC_LoginPageTestDataDrivenTesting" name="Login" time="0.827"/>
  <testcase classname="com.mystore.testcases.TC_LoginPageTestDataDrivenTesting" name="Youtube" time="13.610"/>
  <testcase classname="com.mystore.testcases.TC_LoginPageTestDataDrivenTesting" name="Login" time="0.588"/>
</testsuite> <!-- com.mystore.testcases.TC_LoginPageTestDataDrivenTesting -->
