<?xml version="1.0" encoding="UTF-8"?>
<!-- Generated by org.testng.reporters.JUnitReportReporter -->
<testsuite hostname="DESKTOP-9RG7NDH" failures="0" tests="3" name="com.mystore.testcases.TC_LoginPageTestDataDrivenTesting" time="32.225" errors="0" timestamp="2023-11-09T09:42:43 IST" skipped="0">
  <testcase classname="com.mystore.testcases.TC_LoginPageTestDataDrivenTesting" name="Login" time="0.556"/>
  <system-out/>
  <testcase classname="com.mystore.testcases.TC_LoginPageTestDataDrivenTesting" name="Youtube" time="30.841"/>
  <system-out/>
  <testcase classname="com.mystore.testcases.TC_LoginPageTestDataDrivenTesting" name="Login" time="0.828"/>
  <system-out/>
</testsuite> <!-- com.mystore.testcases.TC_LoginPageTestDataDrivenTesting -->
