<?xml version="1.0" encoding="UTF-8"?>
<!-- Generated by org.testng.reporters.JUnitReportReporter -->
<testsuite hostname="DESKTOP-9RG7NDH" failures="0" tests="3" name="com.mystore.testcases.TC_LoginPageTestDataDrivenTesting" time="33.492" errors="0" timestamp="2023-11-17T09:11:07 IST" skipped="0">
  <testcase classname="com.mystore.testcases.TC_LoginPageTestDataDrivenTesting" name="Login" time="0.874"/>
  <system-out/>
  <testcase classname="com.mystore.testcases.TC_LoginPageTestDataDrivenTesting" name="Login" time="0.649"/>
  <system-out/>
  <testcase classname="com.mystore.testcases.TC_LoginPageTestDataDrivenTesting" name="Youtube" time="31.969"/>
  <system-out/>
</testsuite> <!-- com.mystore.testcases.TC_LoginPageTestDataDrivenTesting -->
